0 verbose cli C:\Program Files\nodejs\node.exe C:\Program Files\nodejs\node_modules\npm\bin\npm-cli.js
1 info using npm@10.2.3
2 info using node@v20.10.0
3 timing npm:load:whichnode Completed in 2ms
4 timing config:load:defaults Completed in 2ms
5 timing config:load:file:C:\Program Files\nodejs\node_modules\npm\npmrc Completed in 4ms
6 timing config:load:builtin Completed in 4ms
7 timing config:load:cli Completed in 1ms
8 timing config:load:env Completed in 0ms
9 timing config:load:project Completed in 3ms
10 timing config:load:file:C:\Users\101018\.npmrc Completed in 2ms
11 timing config:load:user Completed in 2ms
12 timing config:load:file:C:\Users\101018\Desktop\Resturant_App\$NVM_DIR\versions\node\20.10.0\lib\etc\npmrc Completed in 1ms
13 timing config:load:global Completed in 1ms
14 timing config:load:setEnvs Completed in 1ms
15 timing config:load Completed in 15ms
16 timing npm:load:configload Completed in 15ms
17 timing config:load:flatten Completed in 1ms
18 timing npm:load:mkdirpcache Completed in 1ms
19 timing npm:load:mkdirplogs Completed in 1ms
20 verbose title npm create vite@latest
21 verbose argv "create" "vite@latest"
22 timing npm:load:setTitle Completed in 0ms
23 timing npm:load:display Completed in 1ms
24 verbose logfile logs-max:10 dir:C:\Users\101018\Desktop\Resturant_App\$NVM_DIR\versions\node\20.10.0\cache\_logs\2024-12-19T08_54_17_555Z-
25 verbose logfile C:\Users\101018\Desktop\Resturant_App\$NVM_DIR\versions\node\20.10.0\cache\_logs\2024-12-19T08_54_17_555Z-debug-0.log
26 timing npm:load:logFile Completed in 8ms
27 timing npm:load:timers Completed in 0ms
28 timing npm:load:configScope Completed in 0ms
29 timing npm:load Completed in 54ms
30 silly logfile done cleaning log files
31 timing arborist:ctor Completed in 1ms
32 http fetch GET 200 https://registry.npmjs.org/create-vite 397ms (cache miss)
33 timing arborist:ctor Completed in 0ms
34 http fetch GET 200 https://registry.npmjs.org/npm 471ms (cache miss)
35 timing arborist:ctor Completed in 1ms
36 timing idealTree:init Completed in 11ms
37 timing idealTree:userRequests Completed in 1ms
38 silly idealTree buildDeps
39 silly fetch manifest create-vite@6.0.1
40 http fetch GET 200 https://registry.npmjs.org/create-vite 26ms (cache hit)
41 silly placeDep ROOT create-vite@6.0.1 OK for:  want: 6.0.1
42 timing idealTree:#root Completed in 41ms
43 timing idealTree:node_modules/create-vite Completed in 1ms
44 timing idealTree:buildDeps Completed in 42ms
45 timing idealTree:fixDepFlags Completed in 0ms
46 timing idealTree Completed in 57ms
47 timing reify:loadTrees Completed in 58ms
48 timing reify:diffTrees Completed in 1ms
49 silly reify moves {}
50 timing reify:retireShallow Completed in 2ms
51 timing reify:createSparse Completed in 7ms
52 timing reify:loadBundles Completed in 0ms
53 silly audit bulk request { 'create-vite': [ '6.0.1' ] }
54 silly tarball no local data for create-vite@https://registry.npmjs.org/create-vite/-/create-vite-6.0.1.tgz. Extracting by manifest.
55 http fetch POST 200 https://registry.npmjs.org/-/npm/v1/security/advisories/bulk 369ms
56 timing auditReport:getReport Completed in 371ms
57 silly audit report {}
58 timing auditReport:init Completed in 0ms
59 timing reify:audit Completed in 371ms
60 http fetch GET 200 https://registry.npmjs.org/create-vite/-/create-vite-6.0.1.tgz 399ms (cache miss)
61 timing reifyNode:node_modules/create-vite Completed in 409ms
62 timing reify:unpack Completed in 409ms
63 timing reify:unretire Completed in 0ms
64 timing build:queue Completed in 0ms
65 timing build:link:node_modules/create-vite Completed in 11ms
66 timing build:link Completed in 12ms
67 timing build:deps Completed in 13ms
68 timing build Completed in 13ms
69 timing reify:build Completed in 13ms
70 timing reify:trash Completed in 0ms
71 timing reify:save Completed in 7ms
72 timing reify Completed in 506ms
73 timing command:create Completed in 97400ms
74 notice
74 notice New [31mmajor[39m version of npm available! [31m10.2.3[39m -> [32m11.0.0[39m
74 notice Changelog: [36mhttps://github.com/npm/cli/releases/tag/v11.0.0[39m
74 notice Run [32mnpm install -g npm@11.0.0[39m to update!
74 notice
75 verbose exit 0
76 timing npm Completed in 98520ms
77 info ok
